mode: atomic
ocularminds.com/shortner/shortner.go:12.41,15.2 2 0
ocularminds.com/shortner/shortner.go:18.30,31.2 12 0
ocularminds.com/shortner/commons.go:12.13,14.2 1 1
ocularminds.com/shortner/commons.go:17.45,18.22 1 6
ocularminds.com/shortner/commons.go:21.2,21.25 1 4
ocularminds.com/shortner/commons.go:18.22,20.3 1 2
ocularminds.com/shortner/commons.go:25.34,28.2 2 14
ocularminds.com/shortner/commons.go:31.25,36.25 5 20
ocularminds.com/shortner/commons.go:39.2,39.13 1 20
ocularminds.com/shortner/commons.go:36.25,38.3 1 160
ocularminds.com/shortner/db.go:6.33,14.2 7 20
ocularminds.com/shortner/handler.go:21.74,23.2 1 0
ocularminds.com/shortner/handler.go:26.61,34.16 5 6
ocularminds.com/shortner/handler.go:34.16,38.3 3 0
ocularminds.com/shortner/handler.go:38.8,38.35 1 6
ocularminds.com/shortner/handler.go:38.35,42.3 3 2
ocularminds.com/shortner/handler.go:42.8,44.3 1 4
ocularminds.com/shortner/handler.go:48.73,53.16 3 2
ocularminds.com/shortner/handler.go:53.16,57.3 3 0
ocularminds.com/shortner/handler.go:57.8,59.42 2 2
ocularminds.com/shortner/handler.go:59.42,63.4 3 1
ocularminds.com/shortner/handler.go:63.9,65.4 1 1
ocularminds.com/shortner/handler.go:69.75,74.14 5 4
ocularminds.com/shortner/handler.go:79.2,79.18 1 4
ocularminds.com/shortner/handler.go:87.2,87.16 1 4
ocularminds.com/shortner/handler.go:74.14,78.3 1 0
ocularminds.com/shortner/handler.go:79.18,83.3 3 1
ocularminds.com/shortner/handler.go:83.8,86.3 2 3
ocularminds.com/shortner/handler.go:87.16,91.3 1 0
ocularminds.com/shortner/handler.go:91.8,94.3 2 4
ocularminds.com/shortner/handler.go:97.80,101.11 4 4
ocularminds.com/shortner/handler.go:106.2,106.16 1 4
ocularminds.com/shortner/handler.go:112.2,119.16 3 4
ocularminds.com/shortner/handler.go:122.2,124.15 3 4
ocularminds.com/shortner/handler.go:101.11,103.3 1 3
ocularminds.com/shortner/handler.go:103.8,105.3 1 1
ocularminds.com/shortner/handler.go:106.16,110.3 3 0
ocularminds.com/shortner/handler.go:119.16,120.13 1 0
ocularminds.com/shortner/handler.go:127.65,130.16 3 3
ocularminds.com/shortner/handler.go:133.2,135.15 3 3
ocularminds.com/shortner/handler.go:130.16,131.13 1 0
ocularminds.com/shortner/service.go:11.43,13.2 1 5
ocularminds.com/shortner/service.go:16.57,18.2 1 5
ocularminds.com/shortner/service.go:21.51,23.16 2 8
ocularminds.com/shortner/service.go:26.2,29.16 3 8
ocularminds.com/shortner/service.go:32.2,36.20 5 8
ocularminds.com/shortner/service.go:23.16,25.3 1 0
ocularminds.com/shortner/service.go:29.16,31.3 1 0
ocularminds.com/shortner/service.go:40.37,42.16 2 2
ocularminds.com/shortner/service.go:45.2,47.16 3 2
ocularminds.com/shortner/service.go:50.2,51.12 2 2
ocularminds.com/shortner/service.go:42.16,44.3 1 0
ocularminds.com/shortner/service.go:47.16,49.3 1 0
ocularminds.com/shortner/service.go:54.39,55.13 1 10
ocularminds.com/shortner/service.go:58.2,58.92 1 5
ocularminds.com/shortner/service.go:55.13,57.3 1 5
ocularminds.com/shortner/service.go:61.61,62.16 1 10
ocularminds.com/shortner/service.go:65.2,66.16 2 10
ocularminds.com/shortner/service.go:69.2,72.16 3 10
ocularminds.com/shortner/service.go:75.2,81.20 7 10
ocularminds.com/shortner/service.go:89.2,89.20 1 10
ocularminds.com/shortner/service.go:62.16,64.3 1 0
ocularminds.com/shortner/service.go:66.16,68.3 1 0
ocularminds.com/shortner/service.go:72.16,74.3 1 0
ocularminds.com/shortner/service.go:81.20,88.3 6 5
